\BOOKMARK [0][-]{section*.1}{Abstract}{}% 1
\BOOKMARK [0][-]{section*.3}{Outline of the Thesis}{}% 2
\BOOKMARK [0][-]{chapter.1}{Einf\374hrung und typische statistische Problemstellungen}{}% 3
\BOOKMARK [1][-]{section.1.1}{Latex Introduction}{chapter.1}% 4
\BOOKMARK [0][-]{chapter.2}{Grundlagen statistischer Methoden}{}% 5
\BOOKMARK [1][-]{section.2.1}{Lineare Regression}{chapter.2}% 6
\BOOKMARK [2][-]{subsection.2.1.1}{Einfache lineare Regression}{section.2.1}% 7
\BOOKMARK [2][-]{subsection.2.1.2}{Multible lineare Regression}{section.2.1}% 8
\BOOKMARK [1][-]{section.2.2}{Logistische Regression}{chapter.2}% 9
\BOOKMARK [2][-]{subsection.2.2.1}{Gradientenverfahren}{section.2.2}% 10
\BOOKMARK [0][-]{chapter.3}{Anwendung statistischer Methoden}{}% 11
\BOOKMARK [1][-]{section.3.1}{Latex Introduction}{chapter.3}% 12
\BOOKMARK [0][-]{chapter.4}{Statistische Methoden in Datenbanken}{}% 13
\BOOKMARK [1][-]{section.4.1}{Latex Introduction}{chapter.4}% 14
\BOOKMARK [0][-]{chapter.5}{Erweiterungspotenzial in Datenbanksystemen}{}% 15
\BOOKMARK [1][-]{section.5.1}{Latex Introduction}{chapter.5}% 16
\BOOKMARK [0][-]{chapter.6}{Fazit}{}% 17
\BOOKMARK [1][-]{section.6.1}{Latex Introduction}{chapter.6}% 18
\BOOKMARK [-1][]{part*.7}{Appendix}{}% 19
\BOOKMARK [0][-]{appendix.A}{Detailed Descriptions}{part*.7}% 20
\BOOKMARK [0][-]{chapter*.8}{Bibliography}{part*.7}% 21
